 ** (wireshark:59640) 19:31:14.093499 [Capture MESSAGE] -- Capture Start ...
 ** (wireshark:59640) 19:31:14.137749 [Capture MESSAGE] -- Capture started
 ** (wireshark:59640) 19:31:14.137790 [Capture MESSAGE] -- File: "/tmp/wireshark_anyKCFN01.pcapng"
 ** (wireshark:59640) 19:31:32.768979 [Capture MESSAGE] -- Capture Stop ...
 ** (wireshark:59640) 19:31:32.814718 [Capture MESSAGE] -- Capture stopped.
 ** (wireshark:59640) 19:31:34.904035 [Capture MESSAGE] -- Capture Start ...
 ** (wireshark:59640) 19:31:34.954840 [Capture MESSAGE] -- Capture started
 ** (wireshark:59640) 19:31:34.954899 [Capture MESSAGE] -- File: "/tmp/wireshark_anyH3W401.pcapng"
 ** (wireshark:59640) 19:32:54.776389 [Capture MESSAGE] -- Capture Stop ...
 ** (wireshark:59640) 19:32:54.813929 [Capture MESSAGE] -- Capture stopped.
 ** (wireshark:59640) 19:32:56.901331 [Capture MESSAGE] -- Capture Start ...
 ** (wireshark:59640) 19:32:56.939295 [Capture MESSAGE] -- Capture started
 ** (wireshark:59640) 19:32:56.939326 [Capture MESSAGE] -- File: "/tmp/wireshark_anyKCR401.pcapng"
 ** (wireshark:59640) 20:19:22.297929 [Capture MESSAGE] -- Capture Stop ...
 ** (wireshark:59640) 20:19:22.338842 [Capture MESSAGE] -- Capture stopped.
 ** (wireshark:59640) 20:19:24.802971 [Capture MESSAGE] -- Capture Start ...
 ** (wireshark:59640) 20:19:24.845547 [Capture MESSAGE] -- Capture started
 ** (wireshark:59640) 20:19:24.845588 [Capture MESSAGE] -- File: "/tmp/wireshark_anyWPP201.pcapng"
 ** (wireshark:59640) 20:33:07.269553 [Capture MESSAGE] -- Capture Stop ...
 ** (wireshark:59640) 20:33:07.314845 [Capture MESSAGE] -- Capture stopped.
 ** (wireshark:59640) 20:33:09.178632 [Capture MESSAGE] -- Capture Start ...
 ** (wireshark:59640) 20:33:09.221178 [Capture MESSAGE] -- Capture started
 ** (wireshark:59640) 20:33:09.221223 [Capture MESSAGE] -- File: "/tmp/wireshark_any3S4L01.pcapng"
